Lmod Warning: The architecture selection module has been deprecated. The
module system will now autonomously handle the proper selection of binaries. 
While processing the following module(s):
    Module fullname   Module Filename
    ---------------   ---------------
    architecture/AMD  /orfeo/opt/modules/profiles/architecture/AMD.lua

---------------------------
OMP results for 1 threads
OMP execution in a total time of 1.06741 sec
----------------------------
---------------------------
OMP results for 2 threads
OMP execution in a total time of 0.566048 sec
----------------------------
---------------------------
OMP results for 3 threads
OMP execution in a total time of 0.411568 sec
----------------------------
---------------------------
OMP results for 4 threads
OMP execution in a total time of 0.351042 sec
----------------------------
---------------------------
OMP results for 5 threads
OMP execution in a total time of 0.293655 sec
----------------------------
---------------------------
OMP results for 6 threads
OMP execution in a total time of 0.370842 sec
----------------------------
---------------------------
OMP results for 7 threads
OMP execution in a total time of 0.319094 sec
----------------------------
---------------------------
OMP results for 8 threads
OMP execution in a total time of 0.301512 sec
----------------------------
---------------------------
OMP results for 9 threads
OMP execution in a total time of 0.25225 sec
----------------------------
---------------------------
OMP results for 10 threads
OMP execution in a total time of 0.274859 sec
----------------------------
---------------------------
OMP results for 11 threads
OMP execution in a total time of 0.277881 sec
----------------------------
---------------------------
OMP results for 12 threads
OMP execution in a total time of 0.285912 sec
----------------------------
---------------------------
OMP results for 13 threads
OMP execution in a total time of 0.279839 sec
----------------------------
---------------------------
OMP results for 14 threads
OMP execution in a total time of 0.277522 sec
----------------------------
---------------------------
OMP results for 15 threads
OMP execution in a total time of 0.271908 sec
----------------------------
---------------------------
OMP results for 16 threads
OMP execution in a total time of 0.315595 sec
----------------------------
---------------------------
OMP results for 17 threads
OMP execution in a total time of 0.281165 sec
----------------------------
---------------------------
OMP results for 18 threads
OMP execution in a total time of 0.432214 sec
----------------------------
---------------------------
OMP results for 19 threads
OMP execution in a total time of 0.403465 sec
----------------------------
---------------------------
OMP results for 20 threads
OMP execution in a total time of 0.365689 sec
----------------------------
---------------------------
OMP results for 21 threads
OMP execution in a total time of 0.375238 sec
----------------------------
---------------------------
OMP results for 22 threads
OMP execution in a total time of 0.380614 sec
----------------------------
---------------------------
OMP results for 23 threads
OMP execution in a total time of 0.387677 sec
----------------------------
---------------------------
OMP results for 24 threads
OMP execution in a total time of 0.529468 sec
----------------------------
---------------------------
OMP results for 25 threads
OMP execution in a total time of 0.423735 sec
----------------------------
---------------------------
OMP results for 26 threads
OMP execution in a total time of 0.46269 sec
----------------------------
---------------------------
OMP results for 27 threads
OMP execution in a total time of 0.516578 sec
----------------------------
---------------------------
OMP results for 28 threads
OMP execution in a total time of 0.475454 sec
----------------------------
---------------------------
OMP results for 29 threads
OMP execution in a total time of 0.477321 sec
----------------------------
---------------------------
OMP results for 30 threads
OMP execution in a total time of 0.532623 sec
----------------------------
---------------------------
OMP results for 31 threads
OMP execution in a total time of 0.530623 sec
----------------------------
---------------------------
OMP results for 32 threads
OMP execution in a total time of 0.509842 sec
----------------------------
---------------------------
OMP results for 33 threads
OMP execution in a total time of 0.569475 sec
----------------------------
---------------------------
OMP results for 34 threads
OMP execution in a total time of 0.556825 sec
----------------------------
---------------------------
OMP results for 35 threads
OMP execution in a total time of 0.595006 sec
----------------------------
---------------------------
OMP results for 36 threads
OMP execution in a total time of 0.51794 sec
----------------------------
---------------------------
OMP results for 37 threads
OMP execution in a total time of 0.532758 sec
----------------------------
---------------------------
OMP results for 38 threads
OMP execution in a total time of 0.567499 sec
----------------------------
---------------------------
OMP results for 39 threads
OMP execution in a total time of 0.599842 sec
----------------------------
---------------------------
OMP results for 40 threads
OMP execution in a total time of 0.530106 sec
----------------------------
---------------------------
OMP results for 41 threads
OMP execution in a total time of 0.586902 sec
----------------------------
---------------------------
OMP results for 42 threads
OMP execution in a total time of 0.588229 sec
----------------------------
---------------------------
OMP results for 43 threads
OMP execution in a total time of 0.555321 sec
----------------------------
---------------------------
OMP results for 44 threads
OMP execution in a total time of 0.604582 sec
----------------------------
---------------------------
OMP results for 45 threads
OMP execution in a total time of 0.497663 sec
----------------------------
---------------------------
OMP results for 46 threads
OMP execution in a total time of 0.651321 sec
----------------------------
---------------------------
OMP results for 47 threads
OMP execution in a total time of 0.614625 sec
----------------------------
---------------------------
OMP results for 48 threads
OMP execution in a total time of 0.480837 sec
----------------------------
---------------------------
OMP results for 49 threads
OMP execution in a total time of 0.696773 sec
----------------------------
---------------------------
OMP results for 50 threads
OMP execution in a total time of 0.653192 sec
----------------------------
---------------------------
OMP results for 51 threads
OMP execution in a total time of 0.639997 sec
----------------------------
---------------------------
OMP results for 52 threads
OMP execution in a total time of 0.677152 sec
----------------------------
---------------------------
OMP results for 53 threads
OMP execution in a total time of 0.703898 sec
----------------------------
---------------------------
OMP results for 54 threads
OMP execution in a total time of 0.63213 sec
----------------------------
---------------------------
OMP results for 55 threads
OMP execution in a total time of 0.624752 sec
----------------------------
---------------------------
OMP results for 56 threads
OMP execution in a total time of 0.725398 sec
----------------------------
---------------------------
OMP results for 57 threads
OMP execution in a total time of 0.937313 sec
----------------------------
---------------------------
OMP results for 58 threads
OMP execution in a total time of 0.691894 sec
----------------------------
---------------------------
OMP results for 59 threads
OMP execution in a total time of 0.718356 sec
----------------------------
---------------------------
OMP results for 60 threads
OMP execution in a total time of 0.584322 sec
----------------------------
---------------------------
OMP results for 61 threads
OMP execution in a total time of 0.683382 sec
----------------------------
---------------------------
OMP results for 62 threads
OMP execution in a total time of 0.744585 sec
----------------------------
---------------------------
OMP results for 63 threads
OMP execution in a total time of 0.657585 sec
----------------------------
---------------------------
OMP results for 64 threads
OMP execution in a total time of 0.617217 sec
----------------------------
---------------------------
OMP results for 65 threads
OMP execution in a total time of 0.678232 sec
----------------------------
---------------------------
OMP results for 66 threads
OMP execution in a total time of 0.593716 sec
----------------------------
---------------------------
OMP results for 67 threads
OMP execution in a total time of 0.694921 sec
----------------------------
---------------------------
OMP results for 68 threads
OMP execution in a total time of 0.595851 sec
----------------------------
---------------------------
OMP results for 69 threads
OMP execution in a total time of 0.690394 sec
----------------------------
---------------------------
OMP results for 70 threads
OMP execution in a total time of 0.661327 sec
----------------------------
---------------------------
OMP results for 71 threads
OMP execution in a total time of 0.788972 sec
----------------------------
---------------------------
OMP results for 72 threads
OMP execution in a total time of 0.636889 sec
----------------------------
---------------------------
OMP results for 73 threads
OMP execution in a total time of 0.666728 sec
----------------------------
---------------------------
OMP results for 74 threads
OMP execution in a total time of 0.858339 sec
----------------------------
---------------------------
OMP results for 75 threads
OMP execution in a total time of 0.842586 sec
----------------------------
---------------------------
OMP results for 76 threads
OMP execution in a total time of 0.626972 sec
----------------------------
---------------------------
OMP results for 77 threads
OMP execution in a total time of 0.701736 sec
----------------------------
---------------------------
OMP results for 78 threads
OMP execution in a total time of 0.97873 sec
----------------------------
---------------------------
OMP results for 79 threads
OMP execution in a total time of 0.782064 sec
----------------------------
---------------------------
OMP results for 80 threads
OMP execution in a total time of 0.744393 sec
----------------------------
---------------------------
OMP results for 81 threads
OMP execution in a total time of 0.785966 sec
----------------------------
---------------------------
OMP results for 82 threads
OMP execution in a total time of 0.964359 sec
----------------------------
---------------------------
OMP results for 83 threads
OMP execution in a total time of 0.663088 sec
----------------------------
---------------------------
OMP results for 84 threads
OMP execution in a total time of 0.872404 sec
----------------------------
---------------------------
OMP results for 85 threads
OMP execution in a total time of 0.756509 sec
----------------------------
---------------------------
OMP results for 86 threads
OMP execution in a total time of 0.701474 sec
----------------------------
---------------------------
OMP results for 87 threads
OMP execution in a total time of 0.880705 sec
----------------------------
---------------------------
OMP results for 88 threads
OMP execution in a total time of 0.923696 sec
----------------------------
---------------------------
OMP results for 89 threads
OMP execution in a total time of 0.756109 sec
----------------------------
---------------------------
OMP results for 90 threads
OMP execution in a total time of 0.60338 sec
----------------------------
---------------------------
OMP results for 91 threads
OMP execution in a total time of 0.838177 sec
----------------------------
---------------------------
OMP results for 92 threads
OMP execution in a total time of 0.726993 sec
----------------------------
---------------------------
OMP results for 93 threads
OMP execution in a total time of 0.642812 sec
----------------------------
---------------------------
OMP results for 94 threads
OMP execution in a total time of 0.805633 sec
----------------------------
---------------------------
OMP results for 95 threads
OMP execution in a total time of 0.860113 sec
----------------------------
---------------------------
OMP results for 96 threads
OMP execution in a total time of 0.714526 sec
----------------------------
---------------------------
OMP results for 97 threads
OMP execution in a total time of 0.589818 sec
----------------------------
---------------------------
OMP results for 98 threads
OMP execution in a total time of 0.859389 sec
----------------------------
---------------------------
OMP results for 99 threads
OMP execution in a total time of 0.670851 sec
----------------------------
---------------------------
OMP results for 100 threads
OMP execution in a total time of 0.667073 sec
----------------------------
---------------------------
OMP results for 101 threads
OMP execution in a total time of 0.777627 sec
----------------------------
---------------------------
OMP results for 102 threads
OMP execution in a total time of 0.735084 sec
----------------------------
---------------------------
OMP results for 103 threads
OMP execution in a total time of 0.827606 sec
----------------------------
---------------------------
OMP results for 104 threads
OMP execution in a total time of 0.765173 sec
----------------------------
---------------------------
OMP results for 105 threads
OMP execution in a total time of 0.83051 sec
----------------------------
---------------------------
OMP results for 106 threads
OMP execution in a total time of 0.813207 sec
----------------------------
---------------------------
OMP results for 107 threads
OMP execution in a total time of 0.943489 sec
----------------------------
---------------------------
OMP results for 108 threads
OMP execution in a total time of 0.637826 sec
----------------------------
---------------------------
OMP results for 109 threads
OMP execution in a total time of 0.764921 sec
----------------------------
---------------------------
OMP results for 110 threads
OMP execution in a total time of 0.748143 sec
----------------------------
---------------------------
OMP results for 111 threads
OMP execution in a total time of 0.720079 sec
----------------------------
---------------------------
OMP results for 112 threads
OMP execution in a total time of 0.788662 sec
----------------------------
---------------------------
OMP results for 113 threads
OMP execution in a total time of 0.832981 sec
----------------------------
---------------------------
OMP results for 114 threads
OMP execution in a total time of 0.849326 sec
----------------------------
---------------------------
OMP results for 115 threads
OMP execution in a total time of 1.06261 sec
----------------------------
---------------------------
OMP results for 116 threads
OMP execution in a total time of 0.800953 sec
----------------------------
---------------------------
OMP results for 117 threads
OMP execution in a total time of 1.01194 sec
----------------------------
---------------------------
OMP results for 118 threads
OMP execution in a total time of 0.69161 sec
----------------------------
---------------------------
OMP results for 119 threads
OMP execution in a total time of 0.817207 sec
----------------------------
---------------------------
OMP results for 120 threads
OMP execution in a total time of 0.78347 sec
----------------------------
---------------------------
OMP results for 121 threads
OMP execution in a total time of 1.10766 sec
----------------------------
---------------------------
OMP results for 122 threads
OMP execution in a total time of 0.787947 sec
----------------------------
---------------------------
OMP results for 123 threads
OMP execution in a total time of 0.814688 sec
----------------------------
---------------------------
OMP results for 124 threads
OMP execution in a total time of 0.792957 sec
----------------------------
---------------------------
OMP results for 125 threads
OMP execution in a total time of 0.795049 sec
----------------------------
---------------------------
OMP results for 126 threads
OMP execution in a total time of 0.889319 sec
----------------------------
---------------------------
OMP results for 127 threads
OMP execution in a total time of 0.743509 sec
----------------------------
---------------------------
OMP results for 128 threads
OMP execution in a total time of 1.00029 sec
----------------------------
